<?xml version="1.0" encoding="UTF-8" ?>
<testsuite tests="1" failures="0" name="com.bharath.AppTest" time="0.002" errors="0" skipped="0">
  <properties>
    <property name="java.runtime.name" value="Java(TM) SE Runtime Environment"/>
    <property name="sun.boot.library.path" value="C:\Program Files\Java\jdk1.8.0_181\jre\bin"/>
    <property name="java.vm.version" value="25.181-b13"/>
    <property name="java.vm.vendor" value="Oracle Corporation"/>
    <property name="maven.multiModuleProjectDirectory" value="C:\Users\52075396\.jenkins\workspace\javaproject"/>
    <property name="java.vendor.url" value="http://java.oracle.com/"/>
    <property name="path.separator" value=";"/>
    <property name="guice.disable.misplaced.annotation.check" value="true"/>
    <property name="java.vm.name" value="Java HotSpot(TM) 64-Bit Server VM"/>
    <property name="file.encoding.pkg" value="sun.io"/>
    <property name="user.script" value=""/>
    <property name="user.country" value="IN"/>
    <property name="sun.java.launcher" value="SUN_STANDARD"/>
    <property name="sun.os.patch.level" value=""/>
    <property name="java.vm.specification.name" value="Java Virtual Machine Specification"/>
    <property name="user.dir" value="C:\Users\52075396\.jenkins\workspace\javaproject"/>
    <property name="java.runtime.version" value="1.8.0_181-b13"/>
    <property name="java.awt.graphicsenv" value="sun.awt.Win32GraphicsEnvironment"/>
    <property name="java.endorsed.dirs" value="C:\Program Files\Java\jdk1.8.0_181\jre\lib\endorsed"/>
    <property name="os.arch" value="amd64"/>
    <property name="java.io.tmpdir" value="C:\Users\52075396\AppData\Local\Temp\"/>
    <property name="line.separator" value="
"/>
    <property name="java.vm.specification.vendor" value="Oracle Corporation"/>
    <property name="user.variant" value=""/>
    <property name="os.name" value="Windows 10"/>
    <property name="classworlds.conf" value="D:\tool\apache-maven-3.8.2-bin\apache-maven-3.8.2\bin\m2.conf"/>
    <property name="sun.jnu.encoding" value="Cp1252"/>
    <property name="java.library.path" value="C:\Program Files\Java\jdk1.8.0_181\bin;C:\WINDOWS\Sun\Java\bin;C:\WINDOWS\system32;C:\WINDOWS;D:\tool\apache-maven-3.8.2-bin\apache-maven-3.8.2/bin;C:\Program Files\Java\jdk1.8.0_181\/bin;C:\Program Files\Java\jdk1.8.0_181\/bin;C:\app\52075396\virtual\product\12.2.0\dbhome_1\bin;C:\Program Files\IBM\MQ\java\lib;C:\Program Files\IBM\MQ\java\lib64;C:\Program Files (x86)\Intel\Intel(R) Management Engine Components\iCLS\;C:\Program Files\Intel\Intel(R) Management Engine Components\iCLS\;C:\Program Files\Java\jdk1.8.0_181\bin;C:\app\52075396\product\12.1.0\dbhome_1\bin;C:\app\52075396\product\12.2.0\dbhome_1\bin;C:\PROGRAM FILES\DMEXPRESS\PROGRAMS;C:\PROGRAM FILES (X86)\RSA SECURID TOKEN COMMON;C:\PROGRAM FILES\RSA SECURID TOKEN COMMON;C:\PROGRAM FILES (X86)\COMMON FILES\ORACLE\JAVA\JAVAPATH;C:\WINDOWS\SYSTEM32;C:\WINDOWS;C:\WINDOWS\SYSTEM32\WBEM;C:\WINDOWS\SYSTEM32\WINDOWSPOWERSHELL\V1.0\;C:\PROGRAM FILES (X86)\WINDOWS IMAGING\;C:\WINDOWS\SYSTEM32\OPENSSH\;C:\PROGRAM FILES\TORTOISESVN\BIN;C:\PROGRAM FILES (X86)\ASPG\MGC\BIN;C:\Users\52075396\Downloads\Software\gradle-4.10.2\bin;C:\Program Files (x86)\Intel\Intel(R) Management Engine Components\DAL;C:\Program Files\Intel\Intel(R) Management Engine Components\DAL;C:\Program Files\nodejs\;C:\Users\52075396\Downloads\Software\putty;C:\Program Files\IBM\MQ\bin64;C:\Program Files\IBM\MQ\bin;C:\Program Files\IBM\MQ\tools\c\samples\bin64;C:\Program Files\IBM\MQ\tools\c\samples\bin;C:\Program Files\MongoDB\Server\4.0\bin;C:\Program Files\Intel\WiFi\bin\;C:\Program Files\Common Files\Intel\WirelessCommon\;C:\Users\52075396\Downloads\wkhtmltox-0.12.5-1.mxe-cross-win64\wkhtmltox\bin;C:\Users\52075396\AppData\Local\Continuum\anaconda3\Scripts;C:\Program Files\PuTTY\;C:\Program Files\Git\cmd;D:\tool\apache-maven-3.8.2-bin\apache-maven-3.8.2\bin;C:\Users\52075396\AppData\Local\Programs\Python\Python37-32\Scripts\;C:\Users\52075396\AppData\Local\Programs\Python\Python37-32\;C:\Program Files\RSA SecurID Token Common\;C:\Users\52075396\AppData\Roaming\npm;."/>
    <property name="maven.conf" value="D:\tool\apache-maven-3.8.2-bin\apache-maven-3.8.2/conf"/>
    <property name="java.specification.name" value="Java Platform API Specification"/>
    <property name="java.class.version" value="52.0"/>
    <property name="sun.management.compiler" value="HotSpot 64-Bit Tiered Compilers"/>
    <property name="os.version" value="10.0"/>
    <property name="user.home" value="C:\Users\52075396"/>
    <property name="user.timezone" value="Asia/Calcutta"/>
    <property name="java.awt.printerjob" value="sun.awt.windows.WPrinterJob"/>
    <property name="java.specification.version" value="1.8"/>
    <property name="file.encoding" value="Cp1252"/>
    <property name="user.name" value="52075396"/>
    <property name="java.class.path" value="D:\tool\apache-maven-3.8.2-bin\apache-maven-3.8.2\boot\plexus-classworlds-2.6.0.jar"/>
    <property name="java.vm.specification.version" value="1.8"/>
    <property name="sun.arch.data.model" value="64"/>
    <property name="java.home" value="C:\Program Files\Java\jdk1.8.0_181\jre"/>
    <property name="sun.java.command" value="org.codehaus.plexus.classworlds.launcher.Launcher -f D:\jenkins\java-project-master\java-project-master\pom.xml clean install"/>
    <property name="java.specification.vendor" value="Oracle Corporation"/>
    <property name="user.language" value="en"/>
    <property name="awt.toolkit" value="sun.awt.windows.WToolkit"/>
    <property name="java.vm.info" value="mixed mode"/>
    <property name="java.version" value="1.8.0_181"/>
    <property name="java.ext.dirs" value="C:\Program Files\Java\jdk1.8.0_181\jre\lib\ext;C:\WINDOWS\Sun\Java\lib\ext"/>
    <property name="sun.boot.class.path" value="C:\Program Files\Java\jdk1.8.0_181\jre\lib\resources.jar;C:\Program Files\Java\jdk1.8.0_181\jre\lib\rt.jar;C:\Program Files\Java\jdk1.8.0_181\jre\lib\sunrsasign.jar;C:\Program Files\Java\jdk1.8.0_181\jre\lib\jsse.jar;C:\Program Files\Java\jdk1.8.0_181\jre\lib\jce.jar;C:\Program Files\Java\jdk1.8.0_181\jre\lib\charsets.jar;C:\Program Files\Java\jdk1.8.0_181\jre\lib\jfr.jar;C:\Program Files\Java\jdk1.8.0_181\jre\classes"/>
    <property name="java.vendor" value="Oracle Corporation"/>
    <property name="maven.home" value="D:\tool\apache-maven-3.8.2-bin\apache-maven-3.8.2"/>
    <property name="file.separator" value="\"/>
    <property name="java.vendor.url.bug" value="http://bugreport.sun.com/bugreport/"/>
    <property name="sun.cpu.endian" value="little"/>
    <property name="sun.io.unicode.encoding" value="UnicodeLittle"/>
    <property name="sun.desktop" value="windows"/>
    <property name="sun.cpu.isalist" value="amd64"/>
  </properties>
  <testcase classname="com.bharath.AppTest" name="testApp" time="0.002"/>
</testsuite>